   1              		.cpu arm7tdmi
   2              		.fpu softvfp
   3              		.eabi_attribute 20, 1
   4              		.eabi_attribute 21, 1
   5              		.eabi_attribute 23, 3
   6              		.eabi_attribute 24, 1
   7              		.eabi_attribute 25, 1
   8              		.eabi_attribute 26, 1
   9              		.eabi_attribute 30, 6
  10              		.eabi_attribute 18, 4
  11              		.file	"gpio.c"
  21              	.Ltext0:
  22              		.file 1 "../gpio.c"
 1698              		.align	2
 1699              		.global	portB_conf
 1701              	portB_conf:
 1702              	.LFB0:
   1:../gpio.c     **** #include "44b.h"
   2:../gpio.c     **** #include "gpio.h"
   3:../gpio.c     **** 
   4:../gpio.c     **** /* Port B interface implementation */
   5:../gpio.c     **** 
   6:../gpio.c     **** int portB_conf(int pin, enum port_mode mode)
   7:../gpio.c     **** {
 1703              		.loc 1 7 0
 1704              		.cfi_startproc
 1705              		@ Function supports interworking.
 1706              		@ args = 0, pretend = 0, frame = 16
 1707              		@ frame_needed = 1, uses_anonymous_args = 0
 1708 0000 0DC0A0E1 		mov	ip, sp
 1709              	.LCFI0:
 1710              		.cfi_def_cfa_register 12
 1711 0004 00D82DE9 		stmfd	sp!, {fp, ip, lr, pc}
 1712 0008 04B04CE2 		sub	fp, ip, #4
 1713              		.cfi_offset 14, -8
 1714              		.cfi_offset 13, -12
 1715              		.cfi_offset 11, -16
 1716              	.LCFI1:
 1717              		.cfi_def_cfa 11, 4
 1718 000c 10D04DE2 		sub	sp, sp, #16
 1719 0010 18000BE5 		str	r0, [fp, #-24]
 1720 0014 0130A0E1 		mov	r3, r1
 1721 0018 19304BE5 		strb	r3, [fp, #-25]
   8:../gpio.c     **** 	int ret = 0;
 1722              		.loc 1 8 0
 1723 001c 0030A0E3 		mov	r3, #0
 1724 0020 10300BE5 		str	r3, [fp, #-16]
   9:../gpio.c     **** 	if (pin < 0 || pin > 10)
 1725              		.loc 1 9 0
 1726 0024 18301BE5 		ldr	r3, [fp, #-24]
 1727 0028 000053E3 		cmp	r3, #0
 1728 002c 020000BA 		blt	.L2
 1729              		.loc 1 9 0 is_stmt 0 discriminator 1
 1730 0030 18301BE5 		ldr	r3, [fp, #-24]
 1731 0034 0A0053E3 		cmp	r3, #10
 1732 0038 010000DA 		ble	.L3
 1733              	.L2:
  10:../gpio.c     **** 		return -1; // indica error
 1734              		.loc 1 10 0 is_stmt 1
 1735 003c 0030E0E3 		mvn	r3, #0
 1736 0040 1B0000EA 		b	.L4
 1737              	.L3:
  11:../gpio.c     **** 
  12:../gpio.c     **** 	if (mode == SIGOUT)
 1738              		.loc 1 12 0
 1739 0044 19305BE5 		ldrb	r3, [fp, #-25]	@ zero_extendqisi2
 1740 0048 020053E3 		cmp	r3, #2
 1741 004c 0800001A 		bne	.L5
  13:../gpio.c     **** 		// COMPLETAR: poner en rPCONB el bit indicado por pin a 1 para que por
  14:../gpio.c     **** 		// dicho pin en el puerto B salga la seÃƒÂ±al correspondiente del
  15:../gpio.c     **** 		// controlador de memoria
  16:../gpio.c     **** 		rPCONB  |= (0x1 << pin); //pone a 1 el pin pin
 1742              		.loc 1 16 0
 1743 0050 6C309FE5 		ldr	r3, .L8
 1744 0054 68209FE5 		ldr	r2, .L8
 1745 0058 001092E5 		ldr	r1, [r2, #0]
 1746 005c 0100A0E3 		mov	r0, #1
 1747 0060 18201BE5 		ldr	r2, [fp, #-24]
 1748 0064 1022A0E1 		mov	r2, r0, asl r2
 1749 0068 022081E1 		orr	r2, r1, r2
 1750 006c 002083E5 		str	r2, [r3, #0]
 1751 0070 0E0000EA 		b	.L6
 1752              	.L5:
  17:../gpio.c     **** 	else if (mode == OUTPUT)
 1753              		.loc 1 17 0
 1754 0074 19305BE5 		ldrb	r3, [fp, #-25]	@ zero_extendqisi2
 1755 0078 010053E3 		cmp	r3, #1
 1756 007c 0900001A 		bne	.L7
  18:../gpio.c     **** 		// COMPLETAR: poner en rPCONB el bit indicado por pin a 0 para que dicho
  19:../gpio.c     **** 		// pin sea un pin de salida
  20:../gpio.c     **** 		rPCONB &= ~(0x1 << pin); //ponemos a 0 el pin pin
 1757              		.loc 1 20 0
 1758 0080 3C309FE5 		ldr	r3, .L8
 1759 0084 38209FE5 		ldr	r2, .L8
 1760 0088 001092E5 		ldr	r1, [r2, #0]
 1761 008c 0100A0E3 		mov	r0, #1
 1762 0090 18201BE5 		ldr	r2, [fp, #-24]
 1763 0094 1022A0E1 		mov	r2, r0, asl r2
 1764 0098 0220E0E1 		mvn	r2, r2
 1765 009c 022001E0 		and	r2, r1, r2
 1766 00a0 002083E5 		str	r2, [r3, #0]
 1767 00a4 010000EA 		b	.L6
 1768              	.L7:
  21:../gpio.c     **** 	else
  22:../gpio.c     **** 		ret = -1; // indica error
 1769              		.loc 1 22 0
 1770 00a8 0030E0E3 		mvn	r3, #0
 1771 00ac 10300BE5 		str	r3, [fp, #-16]
 1772              	.L6:
  23:../gpio.c     **** 
  24:../gpio.c     **** 	return ret;
 1773              		.loc 1 24 0
 1774 00b0 10301BE5 		ldr	r3, [fp, #-16]
 1775              	.L4:
  25:../gpio.c     **** }
 1776              		.loc 1 25 0
 1777 00b4 0300A0E1 		mov	r0, r3
 1778 00b8 0CD04BE2 		sub	sp, fp, #12
 1779 00bc 00689DE8 		ldmfd	sp, {fp, sp, lr}
 1780 00c0 1EFF2FE1 		bx	lr
 1781              	.L9:
 1782              		.align	2
 1783              	.L8:
 1784 00c4 0800D201 		.word	30539784
 1785              		.cfi_endproc
 1786              	.LFE0:
 1788              		.align	2
 1789              		.global	portB_write
 1791              	portB_write:
 1792              	.LFB1:
  26:../gpio.c     **** 
  27:../gpio.c     **** int portB_write(int pin, enum digital val)
  28:../gpio.c     **** {
 1793              		.loc 1 28 0
 1794              		.cfi_startproc
 1795              		@ Function supports interworking.
 1796              		@ args = 0, pretend = 0, frame = 8
 1797              		@ frame_needed = 1, uses_anonymous_args = 0
 1798 00c8 0DC0A0E1 		mov	ip, sp
 1799              	.LCFI2:
 1800              		.cfi_def_cfa_register 12
 1801 00cc 00D82DE9 		stmfd	sp!, {fp, ip, lr, pc}
 1802 00d0 04B04CE2 		sub	fp, ip, #4
 1803              		.cfi_offset 14, -8
 1804              		.cfi_offset 13, -12
 1805              		.cfi_offset 11, -16
 1806              	.LCFI3:
 1807              		.cfi_def_cfa 11, 4
 1808 00d4 08D04DE2 		sub	sp, sp, #8
 1809 00d8 10000BE5 		str	r0, [fp, #-16]
 1810 00dc 0130A0E1 		mov	r3, r1
 1811 00e0 11304BE5 		strb	r3, [fp, #-17]
  29:../gpio.c     **** 	if (pin < 0 || pin > 10)
 1812              		.loc 1 29 0
 1813 00e4 10301BE5 		ldr	r3, [fp, #-16]
 1814 00e8 000053E3 		cmp	r3, #0
 1815 00ec 020000BA 		blt	.L11
 1816              		.loc 1 29 0 is_stmt 0 discriminator 1
 1817 00f0 10301BE5 		ldr	r3, [fp, #-16]
 1818 00f4 0A0053E3 		cmp	r3, #10
 1819 00f8 010000DA 		ble	.L12
 1820              	.L11:
  30:../gpio.c     **** 		return -1; // indica error
 1821              		.loc 1 30 0 is_stmt 1
 1822 00fc 0030E0E3 		mvn	r3, #0
 1823 0100 1A0000EA 		b	.L13
 1824              	.L12:
  31:../gpio.c     **** 
  32:../gpio.c     **** 	if (val < 0 || val > 1)
 1825              		.loc 1 32 0
 1826 0104 11305BE5 		ldrb	r3, [fp, #-17]	@ zero_extendqisi2
 1827 0108 010053E3 		cmp	r3, #1
 1828 010c 0100009A 		bls	.L14
  33:../gpio.c     **** 		return -1; // indica error
 1829              		.loc 1 33 0
 1830 0110 0030E0E3 		mvn	r3, #0
 1831 0114 150000EA 		b	.L13
 1832              	.L14:
  34:../gpio.c     **** 
  35:../gpio.c     **** 	if (val)
 1833              		.loc 1 35 0
 1834 0118 11305BE5 		ldrb	r3, [fp, #-17]	@ zero_extendqisi2
 1835 011c 000053E3 		cmp	r3, #0
 1836 0120 0800000A 		beq	.L15
  36:../gpio.c     **** 		// COMPLETAR: poner en rPDATB el bit indicado por pin a 1
  37:../gpio.c     **** 		rPDATB |= (0x1 << pin);
 1837              		.loc 1 37 0
 1838 0124 54309FE5 		ldr	r3, .L17
 1839 0128 50209FE5 		ldr	r2, .L17
 1840 012c 001092E5 		ldr	r1, [r2, #0]
 1841 0130 0100A0E3 		mov	r0, #1
 1842 0134 10201BE5 		ldr	r2, [fp, #-16]
 1843 0138 1022A0E1 		mov	r2, r0, asl r2
 1844 013c 022081E1 		orr	r2, r1, r2
 1845 0140 002083E5 		str	r2, [r3, #0]
 1846 0144 080000EA 		b	.L16
 1847              	.L15:
  38:../gpio.c     **** 	else
  39:../gpio.c     **** 		// COMPLETAR: poner en rPDATB el bit indicado por pin a 0
  40:../gpio.c     **** 		rPDATB &= ~(0x1 << pin);
 1848              		.loc 1 40 0
 1849 0148 30309FE5 		ldr	r3, .L17
 1850 014c 2C209FE5 		ldr	r2, .L17
 1851 0150 001092E5 		ldr	r1, [r2, #0]
 1852 0154 0100A0E3 		mov	r0, #1
 1853 0158 10201BE5 		ldr	r2, [fp, #-16]
 1854 015c 1022A0E1 		mov	r2, r0, asl r2
 1855 0160 0220E0E1 		mvn	r2, r2
 1856 0164 022001E0 		and	r2, r1, r2
 1857 0168 002083E5 		str	r2, [r3, #0]
 1858              	.L16:
  41:../gpio.c     **** 	return 0;
 1859              		.loc 1 41 0
 1860 016c 0030A0E3 		mov	r3, #0
 1861              	.L13:
  42:../gpio.c     **** }
 1862              		.loc 1 42 0
 1863 0170 0300A0E1 		mov	r0, r3
 1864 0174 0CD04BE2 		sub	sp, fp, #12
 1865 0178 00689DE8 		ldmfd	sp, {fp, sp, lr}
 1866 017c 1EFF2FE1 		bx	lr
 1867              	.L18:
 1868              		.align	2
 1869              	.L17:
 1870 0180 0C00D201 		.word	30539788
 1871              		.cfi_endproc
 1872              	.LFE1:
 1874              		.align	2
 1875              		.global	portG_conf
 1877              	portG_conf:
 1878              	.LFB2:
  43:../gpio.c     **** 
  44:../gpio.c     **** /* Port G interface implementation */
  45:../gpio.c     **** 
  46:../gpio.c     **** int portG_conf(int pin, enum port_mode mode)
  47:../gpio.c     **** {
 1879              		.loc 1 47 0
 1880              		.cfi_startproc
 1881              		@ Function supports interworking.
 1882              		@ args = 0, pretend = 0, frame = 16
 1883              		@ frame_needed = 1, uses_anonymous_args = 0
 1884 0184 0DC0A0E1 		mov	ip, sp
 1885              	.LCFI4:
 1886              		.cfi_def_cfa_register 12
 1887 0188 00D82DE9 		stmfd	sp!, {fp, ip, lr, pc}
 1888 018c 04B04CE2 		sub	fp, ip, #4
 1889              		.cfi_offset 14, -8
 1890              		.cfi_offset 13, -12
 1891              		.cfi_offset 11, -16
 1892              	.LCFI5:
 1893              		.cfi_def_cfa 11, 4
 1894 0190 10D04DE2 		sub	sp, sp, #16
 1895 0194 18000BE5 		str	r0, [fp, #-24]
 1896 0198 0130A0E1 		mov	r3, r1
 1897 019c 19304BE5 		strb	r3, [fp, #-25]
  48:../gpio.c     **** 	int pos  = pin*2;
 1898              		.loc 1 48 0
 1899 01a0 18301BE5 		ldr	r3, [fp, #-24]
 1900 01a4 8330A0E1 		mov	r3, r3, asl #1
 1901 01a8 10300BE5 		str	r3, [fp, #-16]
  49:../gpio.c     **** 
  50:../gpio.c     **** 	if (pin < 0 || pin > 7)
 1902              		.loc 1 50 0
 1903 01ac 18301BE5 		ldr	r3, [fp, #-24]
 1904 01b0 000053E3 		cmp	r3, #0
 1905 01b4 020000BA 		blt	.L20
 1906              		.loc 1 50 0 is_stmt 0 discriminator 1
 1907 01b8 18301BE5 		ldr	r3, [fp, #-24]
 1908 01bc 070053E3 		cmp	r3, #7
 1909 01c0 010000DA 		ble	.L21
 1910              	.L20:
  51:../gpio.c     **** 		return -1; // indica error
 1911              		.loc 1 51 0 is_stmt 1
 1912 01c4 0030E0E3 		mvn	r3, #0
 1913 01c8 420000EA 		b	.L22
 1914              	.L21:
  52:../gpio.c     **** 
  53:../gpio.c     **** 	switch (mode) {
 1915              		.loc 1 53 0
 1916 01cc 19305BE5 		ldrb	r3, [fp, #-25]	@ zero_extendqisi2
 1917 01d0 030053E3 		cmp	r3, #3
 1918 01d4 03F19F97 		ldrls	pc, [pc, r3, asl #2]
 1919 01d8 3B0000EA 		b	.L23
 1920              	.L28:
 1921 01dc EC010000 		.word	.L24
 1922 01e0 14020000 		.word	.L25
 1923 01e4 5C020000 		.word	.L26
 1924 01e8 A8020000 		.word	.L27
 1925              	.L24:
  54:../gpio.c     **** 		case INPUT:
  55:../gpio.c     **** 			// COMPLETAR: poner en rPCONG 00 a partir de la posiciÃƒÂ³n pos para
  56:../gpio.c     **** 			// configurar como pin de entrada el pin indicado por el parÃƒÂ¡metro pin
  57:../gpio.c     **** 			rPCONG &= ~(0x3 << pos);
 1926              		.loc 1 57 0
 1927 01ec F4309FE5 		ldr	r3, .L30
 1928 01f0 F0209FE5 		ldr	r2, .L30
 1929 01f4 001092E5 		ldr	r1, [r2, #0]
 1930 01f8 0300A0E3 		mov	r0, #3
 1931 01fc 10201BE5 		ldr	r2, [fp, #-16]
 1932 0200 1022A0E1 		mov	r2, r0, asl r2
 1933 0204 0220E0E1 		mvn	r2, r2
 1934 0208 022001E0 		and	r2, r1, r2
 1935 020c 002083E5 		str	r2, [r3, #0]
  58:../gpio.c     **** 			break;
 1936              		.loc 1 58 0
 1937 0210 2F0000EA 		b	.L29
 1938              	.L25:
  59:../gpio.c     **** 		case OUTPUT:
  60:../gpio.c     **** 			// COMPLETAR: poner en rPCONG 01 a partir de la posiciÃƒÂ³n pos para
  61:../gpio.c     **** 			// configurar como pin de salida el pin indicado por el parÃƒÂ¡metro pin
  62:../gpio.c     **** 			rPCONG &= ~(0x3 << pos);
 1939              		.loc 1 62 0
 1940 0214 CC309FE5 		ldr	r3, .L30
 1941 0218 C8209FE5 		ldr	r2, .L30
 1942 021c 001092E5 		ldr	r1, [r2, #0]
 1943 0220 0300A0E3 		mov	r0, #3
 1944 0224 10201BE5 		ldr	r2, [fp, #-16]
 1945 0228 1022A0E1 		mov	r2, r0, asl r2
 1946 022c 0220E0E1 		mvn	r2, r2
 1947 0230 022001E0 		and	r2, r1, r2
 1948 0234 002083E5 		str	r2, [r3, #0]
  63:../gpio.c     **** 			rPCONG |= (0x1 << pos);
 1949              		.loc 1 63 0
 1950 0238 A8309FE5 		ldr	r3, .L30
 1951 023c A4209FE5 		ldr	r2, .L30
 1952 0240 001092E5 		ldr	r1, [r2, #0]
 1953 0244 0100A0E3 		mov	r0, #1
 1954 0248 10201BE5 		ldr	r2, [fp, #-16]
 1955 024c 1022A0E1 		mov	r2, r0, asl r2
 1956 0250 022081E1 		orr	r2, r1, r2
 1957 0254 002083E5 		str	r2, [r3, #0]
  64:../gpio.c     **** 			break;
 1958              		.loc 1 64 0
 1959 0258 1D0000EA 		b	.L29
 1960              	.L26:
  65:../gpio.c     **** 		case SIGOUT:
  66:../gpio.c     **** 			// COMPLETAR: poner en rPCONG 10 a partir de la posiciÃƒÂ³n pos para
  67:../gpio.c     **** 			// que salga la seÃƒÂ±al interna correspondiente por el pin indicado
  68:../gpio.c     **** 			// por el parÃƒÂ¡metro pin
  69:../gpio.c     **** 			rPCONG &= ~(0x1 << pos);
 1961              		.loc 1 69 0
 1962 025c 84309FE5 		ldr	r3, .L30
 1963 0260 80209FE5 		ldr	r2, .L30
 1964 0264 001092E5 		ldr	r1, [r2, #0]
 1965 0268 0100A0E3 		mov	r0, #1
 1966 026c 10201BE5 		ldr	r2, [fp, #-16]
 1967 0270 1022A0E1 		mov	r2, r0, asl r2
 1968 0274 0220E0E1 		mvn	r2, r2
 1969 0278 022001E0 		and	r2, r1, r2
 1970 027c 002083E5 		str	r2, [r3, #0]
  70:../gpio.c     **** 			rPCONG |= (0x1 << (pos+1));
 1971              		.loc 1 70 0
 1972 0280 60309FE5 		ldr	r3, .L30
 1973 0284 5C209FE5 		ldr	r2, .L30
 1974 0288 001092E5 		ldr	r1, [r2, #0]
 1975 028c 10201BE5 		ldr	r2, [fp, #-16]
 1976 0290 012082E2 		add	r2, r2, #1
 1977 0294 0100A0E3 		mov	r0, #1
 1978 0298 1022A0E1 		mov	r2, r0, asl r2
 1979 029c 022081E1 		orr	r2, r1, r2
 1980 02a0 002083E5 		str	r2, [r3, #0]
  71:../gpio.c     **** 			break;
 1981              		.loc 1 71 0
 1982 02a4 0A0000EA 		b	.L29
 1983              	.L27:
  72:../gpio.c     **** 		case EINT:
  73:../gpio.c     **** 			// COMPLETAR: poner en rPCONG 11 a partir de la posiciÃƒÂ³n pos para
  74:../gpio.c     **** 			// habilitar la generaciÃƒÂ³n de interrupciones externas por el pin
  75:../gpio.c     **** 			// indicado por el parÃƒÂ¡metro pin
  76:../gpio.c     **** 			rPCONG |= (0x3 << pos);
 1984              		.loc 1 76 0
 1985 02a8 38309FE5 		ldr	r3, .L30
 1986 02ac 34209FE5 		ldr	r2, .L30
 1987 02b0 001092E5 		ldr	r1, [r2, #0]
 1988 02b4 0300A0E3 		mov	r0, #3
 1989 02b8 10201BE5 		ldr	r2, [fp, #-16]
 1990 02bc 1022A0E1 		mov	r2, r0, asl r2
 1991 02c0 022081E1 		orr	r2, r1, r2
 1992 02c4 002083E5 		str	r2, [r3, #0]
  77:../gpio.c     **** 			break;
 1993              		.loc 1 77 0
 1994 02c8 010000EA 		b	.L29
 1995              	.L23:
  78:../gpio.c     **** 		default:
  79:../gpio.c     **** 			return -1;
 1996              		.loc 1 79 0
 1997 02cc 0030E0E3 		mvn	r3, #0
 1998 02d0 000000EA 		b	.L22
 1999              	.L29:
  80:../gpio.c     **** 	}
  81:../gpio.c     **** 
  82:../gpio.c     **** 	return 0;
 2000              		.loc 1 82 0
 2001 02d4 0030A0E3 		mov	r3, #0
 2002              	.L22:
  83:../gpio.c     **** }
 2003              		.loc 1 83 0
 2004 02d8 0300A0E1 		mov	r0, r3
 2005 02dc 0CD04BE2 		sub	sp, fp, #12
 2006 02e0 00689DE8 		ldmfd	sp, {fp, sp, lr}
 2007 02e4 1EFF2FE1 		bx	lr
 2008              	.L31:
 2009              		.align	2
 2010              	.L30:
 2011 02e8 4000D201 		.word	30539840
 2012              		.cfi_endproc
 2013              	.LFE2:
 2015              		.align	2
 2016              		.global	portG_eint_trig
 2018              	portG_eint_trig:
 2019              	.LFB3:
  84:../gpio.c     **** 
  85:../gpio.c     **** int portG_eint_trig(int pin, enum trigger trig)
  86:../gpio.c     **** {
 2020              		.loc 1 86 0
 2021              		.cfi_startproc
 2022              		@ Function supports interworking.
 2023              		@ args = 0, pretend = 0, frame = 16
 2024              		@ frame_needed = 1, uses_anonymous_args = 0
 2025 02ec 0DC0A0E1 		mov	ip, sp
 2026              	.LCFI6:
 2027              		.cfi_def_cfa_register 12
 2028 02f0 00D82DE9 		stmfd	sp!, {fp, ip, lr, pc}
 2029 02f4 04B04CE2 		sub	fp, ip, #4
 2030              		.cfi_offset 14, -8
 2031              		.cfi_offset 13, -12
 2032              		.cfi_offset 11, -16
 2033              	.LCFI7:
 2034              		.cfi_def_cfa 11, 4
 2035 02f8 10D04DE2 		sub	sp, sp, #16
 2036 02fc 18000BE5 		str	r0, [fp, #-24]
 2037 0300 0130A0E1 		mov	r3, r1
 2038 0304 19304BE5 		strb	r3, [fp, #-25]
  87:../gpio.c     **** 	int pos = pin*4;
 2039              		.loc 1 87 0
 2040 0308 18301BE5 		ldr	r3, [fp, #-24]
 2041 030c 0331A0E1 		mov	r3, r3, asl #2
 2042 0310 10300BE5 		str	r3, [fp, #-16]
  88:../gpio.c     **** 
  89:../gpio.c     **** 		if (pin < 0 || pin > 7)
 2043              		.loc 1 89 0
 2044 0314 18301BE5 		ldr	r3, [fp, #-24]
 2045 0318 000053E3 		cmp	r3, #0
 2046 031c 020000BA 		blt	.L33
 2047              		.loc 1 89 0 is_stmt 0 discriminator 1
 2048 0320 18301BE5 		ldr	r3, [fp, #-24]
 2049 0324 070053E3 		cmp	r3, #7
 2050 0328 010000DA 		ble	.L34
 2051              	.L33:
  90:../gpio.c     **** 			return -1;
 2052              		.loc 1 90 0 is_stmt 1
 2053 032c 0030E0E3 		mvn	r3, #0
 2054 0330 5D0000EA 		b	.L35
 2055              	.L34:
  91:../gpio.c     **** 
  92:../gpio.c     **** 	switch (trig) {
 2056              		.loc 1 92 0
 2057 0334 19305BE5 		ldrb	r3, [fp, #-25]	@ zero_extendqisi2
 2058 0338 040053E3 		cmp	r3, #4
 2059 033c 03F19F97 		ldrls	pc, [pc, r3, asl #2]
 2060 0340 560000EA 		b	.L36
 2061              	.L42:
 2062 0344 58030000 		.word	.L37
 2063 0348 80030000 		.word	.L38
 2064 034c C8030000 		.word	.L39
 2065 0350 10040000 		.word	.L40
 2066 0354 58040000 		.word	.L41
 2067              	.L37:
  93:../gpio.c     **** 			case LLOW:
  94:../gpio.c     **** 				// COMPLETAR: poner en rEXTINT a partir de la posición pos tres bits
  95:../gpio.c     **** 				// a 000, para configurar interrupciones externas por nivel bajo
  96:../gpio.c     **** 				rEXTINT &= ~(0x7 << pos);
 2068              		.loc 1 96 0
 2069 0358 5C319FE5 		ldr	r3, .L44
 2070 035c 58219FE5 		ldr	r2, .L44
 2071 0360 001092E5 		ldr	r1, [r2, #0]
 2072 0364 0700A0E3 		mov	r0, #7
 2073 0368 10201BE5 		ldr	r2, [fp, #-16]
 2074 036c 1022A0E1 		mov	r2, r0, asl r2
 2075 0370 0220E0E1 		mvn	r2, r2
 2076 0374 022001E0 		and	r2, r1, r2
 2077 0378 002083E5 		str	r2, [r3, #0]
  97:../gpio.c     **** 				break;
 2078              		.loc 1 97 0
 2079 037c 490000EA 		b	.L43
 2080              	.L38:
  98:../gpio.c     **** 			case LHIGH:
  99:../gpio.c     **** 				// COMPLETAR: poner en rEXTINT a partir de la posición pos tres bits
 100:../gpio.c     **** 				// a 001, para configurar interrupciones externas por nivel alto
 101:../gpio.c     **** 				rEXTINT &= ~(0x7 << pos);
 2081              		.loc 1 101 0
 2082 0380 34319FE5 		ldr	r3, .L44
 2083 0384 30219FE5 		ldr	r2, .L44
 2084 0388 001092E5 		ldr	r1, [r2, #0]
 2085 038c 0700A0E3 		mov	r0, #7
 2086 0390 10201BE5 		ldr	r2, [fp, #-16]
 2087 0394 1022A0E1 		mov	r2, r0, asl r2
 2088 0398 0220E0E1 		mvn	r2, r2
 2089 039c 022001E0 		and	r2, r1, r2
 2090 03a0 002083E5 		str	r2, [r3, #0]
 102:../gpio.c     **** 				rEXTINT |= (0x1 << pos);
 2091              		.loc 1 102 0
 2092 03a4 10319FE5 		ldr	r3, .L44
 2093 03a8 0C219FE5 		ldr	r2, .L44
 2094 03ac 001092E5 		ldr	r1, [r2, #0]
 2095 03b0 0100A0E3 		mov	r0, #1
 2096 03b4 10201BE5 		ldr	r2, [fp, #-16]
 2097 03b8 1022A0E1 		mov	r2, r0, asl r2
 2098 03bc 022081E1 		orr	r2, r1, r2
 2099 03c0 002083E5 		str	r2, [r3, #0]
 103:../gpio.c     **** 				break;
 2100              		.loc 1 103 0
 2101 03c4 370000EA 		b	.L43
 2102              	.L39:
 104:../gpio.c     **** 			case FALLING:
 105:../gpio.c     **** 				// COMPLETAR: poner en rEXTINT a partir de la posición pos tres bits
 106:../gpio.c     **** 				// a 010, para configurar interrupciones externas por flanco de
 107:../gpio.c     **** 				rEXTINT &= ~(0x7 << pos);
 2103              		.loc 1 107 0
 2104 03c8 EC309FE5 		ldr	r3, .L44
 2105 03cc E8209FE5 		ldr	r2, .L44
 2106 03d0 001092E5 		ldr	r1, [r2, #0]
 2107 03d4 0700A0E3 		mov	r0, #7
 2108 03d8 10201BE5 		ldr	r2, [fp, #-16]
 2109 03dc 1022A0E1 		mov	r2, r0, asl r2
 2110 03e0 0220E0E1 		mvn	r2, r2
 2111 03e4 022001E0 		and	r2, r1, r2
 2112 03e8 002083E5 		str	r2, [r3, #0]
 108:../gpio.c     **** 				rEXTINT |= (0x2 << pos);
 2113              		.loc 1 108 0
 2114 03ec C8309FE5 		ldr	r3, .L44
 2115 03f0 C4209FE5 		ldr	r2, .L44
 2116 03f4 001092E5 		ldr	r1, [r2, #0]
 2117 03f8 0200A0E3 		mov	r0, #2
 2118 03fc 10201BE5 		ldr	r2, [fp, #-16]
 2119 0400 1022A0E1 		mov	r2, r0, asl r2
 2120 0404 022081E1 		orr	r2, r1, r2
 2121 0408 002083E5 		str	r2, [r3, #0]
 109:../gpio.c     **** 				// bajada
 110:../gpio.c     **** 				break;
 2122              		.loc 1 110 0
 2123 040c 250000EA 		b	.L43
 2124              	.L40:
 111:../gpio.c     **** 			case RISING:
 112:../gpio.c     **** 				// COMPLETAR: poner en rEXTINT a partir de la posición pos tres bits
 113:../gpio.c     **** 				// a 100, para configurar interrupciones externas por flanco de
 114:../gpio.c     **** 				rEXTINT &= ~(0x7 << pos);
 2125              		.loc 1 114 0
 2126 0410 A4309FE5 		ldr	r3, .L44
 2127 0414 A0209FE5 		ldr	r2, .L44
 2128 0418 001092E5 		ldr	r1, [r2, #0]
 2129 041c 0700A0E3 		mov	r0, #7
 2130 0420 10201BE5 		ldr	r2, [fp, #-16]
 2131 0424 1022A0E1 		mov	r2, r0, asl r2
 2132 0428 0220E0E1 		mvn	r2, r2
 2133 042c 022001E0 		and	r2, r1, r2
 2134 0430 002083E5 		str	r2, [r3, #0]
 115:../gpio.c     **** 				rEXTINT |= (0x4 << pos);
 2135              		.loc 1 115 0
 2136 0434 80309FE5 		ldr	r3, .L44
 2137 0438 7C209FE5 		ldr	r2, .L44
 2138 043c 001092E5 		ldr	r1, [r2, #0]
 2139 0440 0400A0E3 		mov	r0, #4
 2140 0444 10201BE5 		ldr	r2, [fp, #-16]
 2141 0448 1022A0E1 		mov	r2, r0, asl r2
 2142 044c 022081E1 		orr	r2, r1, r2
 2143 0450 002083E5 		str	r2, [r3, #0]
 116:../gpio.c     **** 
 117:../gpio.c     **** 				// subida
 118:../gpio.c     **** 				break;
 2144              		.loc 1 118 0
 2145 0454 130000EA 		b	.L43
 2146              	.L41:
 119:../gpio.c     **** 			case EDGE:
 120:../gpio.c     **** 				// COMPLETAR: poner en rEXTINT a partir de la posición pos tres bits
 121:../gpio.c     **** 				// a 110, para configurar interrupciones externas por cualquier
 122:../gpio.c     **** 				rEXTINT &= ~(0x7 << pos);
 2147              		.loc 1 122 0
 2148 0458 5C309FE5 		ldr	r3, .L44
 2149 045c 58209FE5 		ldr	r2, .L44
 2150 0460 001092E5 		ldr	r1, [r2, #0]
 2151 0464 0700A0E3 		mov	r0, #7
 2152 0468 10201BE5 		ldr	r2, [fp, #-16]
 2153 046c 1022A0E1 		mov	r2, r0, asl r2
 2154 0470 0220E0E1 		mvn	r2, r2
 2155 0474 022001E0 		and	r2, r1, r2
 2156 0478 002083E5 		str	r2, [r3, #0]
 123:../gpio.c     **** 				rEXTINT |= (0x6 << pos);
 2157              		.loc 1 123 0
 2158 047c 38309FE5 		ldr	r3, .L44
 2159 0480 34209FE5 		ldr	r2, .L44
 2160 0484 001092E5 		ldr	r1, [r2, #0]
 2161 0488 0600A0E3 		mov	r0, #6
 2162 048c 10201BE5 		ldr	r2, [fp, #-16]
 2163 0490 1022A0E1 		mov	r2, r0, asl r2
 2164 0494 022081E1 		orr	r2, r1, r2
 2165 0498 002083E5 		str	r2, [r3, #0]
 124:../gpio.c     **** 
 125:../gpio.c     **** 				// flanco
 126:../gpio.c     **** 				break;
 2166              		.loc 1 126 0
 2167 049c 010000EA 		b	.L43
 2168              	.L36:
 127:../gpio.c     **** 			default:
 128:../gpio.c     **** 				return -1;
 2169              		.loc 1 128 0
 2170 04a0 0030E0E3 		mvn	r3, #0
 2171 04a4 000000EA 		b	.L35
 2172              	.L43:
 129:../gpio.c     **** 		}
 130:../gpio.c     **** 		return 0;
 2173              		.loc 1 130 0
 2174 04a8 0030A0E3 		mov	r3, #0
 2175              	.L35:
 131:../gpio.c     **** }
 2176              		.loc 1 131 0
 2177 04ac 0300A0E1 		mov	r0, r3
 2178 04b0 0CD04BE2 		sub	sp, fp, #12
 2179 04b4 00689DE8 		ldmfd	sp, {fp, sp, lr}
 2180 04b8 1EFF2FE1 		bx	lr
 2181              	.L45:
 2182              		.align	2
 2183              	.L44:
 2184 04bc 5000D201 		.word	30539856
 2185              		.cfi_endproc
 2186              	.LFE3:
 2188              		.align	2
 2189              		.global	portG_write
 2191              	portG_write:
 2192              	.LFB4:
 132:../gpio.c     **** 
 133:../gpio.c     **** int portG_write(int pin, enum digital val)
 134:../gpio.c     **** {
 2193              		.loc 1 134 0
 2194              		.cfi_startproc
 2195              		@ Function supports interworking.
 2196              		@ args = 0, pretend = 0, frame = 16
 2197              		@ frame_needed = 1, uses_anonymous_args = 0
 2198 04c0 0DC0A0E1 		mov	ip, sp
 2199              	.LCFI8:
 2200              		.cfi_def_cfa_register 12
 2201 04c4 00D82DE9 		stmfd	sp!, {fp, ip, lr, pc}
 2202 04c8 04B04CE2 		sub	fp, ip, #4
 2203              		.cfi_offset 14, -8
 2204              		.cfi_offset 13, -12
 2205              		.cfi_offset 11, -16
 2206              	.LCFI9:
 2207              		.cfi_def_cfa 11, 4
 2208 04cc 10D04DE2 		sub	sp, sp, #16
 2209 04d0 18000BE5 		str	r0, [fp, #-24]
 2210 04d4 0130A0E1 		mov	r3, r1
 2211 04d8 19304BE5 		strb	r3, [fp, #-25]
 135:../gpio.c     **** 	int pos = pin*2;
 2212              		.loc 1 135 0
 2213 04dc 18301BE5 		ldr	r3, [fp, #-24]
 2214 04e0 8330A0E1 		mov	r3, r3, asl #1
 2215 04e4 10300BE5 		str	r3, [fp, #-16]
 136:../gpio.c     **** 
 137:../gpio.c     **** 	if (pin < 0 || pin > 7)
 2216              		.loc 1 137 0
 2217 04e8 18301BE5 		ldr	r3, [fp, #-24]
 2218 04ec 000053E3 		cmp	r3, #0
 2219 04f0 020000BA 		blt	.L47
 2220              		.loc 1 137 0 is_stmt 0 discriminator 1
 2221 04f4 18301BE5 		ldr	r3, [fp, #-24]
 2222 04f8 070053E3 		cmp	r3, #7
 2223 04fc 010000DA 		ble	.L48
 2224              	.L47:
 138:../gpio.c     **** 		return -1; // indica error
 2225              		.loc 1 138 0 is_stmt 1
 2226 0500 0030E0E3 		mvn	r3, #0
 2227 0504 270000EA 		b	.L49
 2228              	.L48:
 139:../gpio.c     **** 
 140:../gpio.c     **** 	if (val < 0 || val > 1)
 2229              		.loc 1 140 0
 2230 0508 19305BE5 		ldrb	r3, [fp, #-25]	@ zero_extendqisi2
 2231 050c 010053E3 		cmp	r3, #1
 2232 0510 0100009A 		bls	.L50
 141:../gpio.c     **** 		return -1; // indica error
 2233              		.loc 1 141 0
 2234 0514 0030E0E3 		mvn	r3, #0
 2235 0518 220000EA 		b	.L49
 2236              	.L50:
 142:../gpio.c     **** 
 143:../gpio.c     **** 	if ((rPCONG & (0x3 << pos)) != (0x1 << pos))
 2237              		.loc 1 143 0
 2238 051c 94309FE5 		ldr	r3, .L54
 2239 0520 002093E5 		ldr	r2, [r3, #0]
 2240 0524 0310A0E3 		mov	r1, #3
 2241 0528 10301BE5 		ldr	r3, [fp, #-16]
 2242 052c 1133A0E1 		mov	r3, r1, asl r3
 2243 0530 032002E0 		and	r2, r2, r3
 2244 0534 0110A0E3 		mov	r1, #1
 2245 0538 10301BE5 		ldr	r3, [fp, #-16]
 2246 053c 1133A0E1 		mov	r3, r1, asl r3
 2247 0540 030052E1 		cmp	r2, r3
 2248 0544 0100000A 		beq	.L51
 144:../gpio.c     **** 		return -1; // indica error comprobacion si el puerto esta habilitado
 2249              		.loc 1 144 0
 2250 0548 0030E0E3 		mvn	r3, #0
 2251 054c 150000EA 		b	.L49
 2252              	.L51:
 145:../gpio.c     **** 					//para escritura
 146:../gpio.c     **** 
 147:../gpio.c     **** 	if (val)
 2253              		.loc 1 147 0
 2254 0550 19305BE5 		ldrb	r3, [fp, #-25]	@ zero_extendqisi2
 2255 0554 000053E3 		cmp	r3, #0
 2256 0558 0800000A 		beq	.L52
 148:../gpio.c     **** 		// COMPLETAR: poner en rPDATG el bit indicado por pin a 1
 149:../gpio.c     **** 		rPDATG |= (0x1 << pin);
 2257              		.loc 1 149 0
 2258 055c 58309FE5 		ldr	r3, .L54+4
 2259 0560 54209FE5 		ldr	r2, .L54+4
 2260 0564 001092E5 		ldr	r1, [r2, #0]
 2261 0568 0100A0E3 		mov	r0, #1
 2262 056c 18201BE5 		ldr	r2, [fp, #-24]
 2263 0570 1022A0E1 		mov	r2, r0, asl r2
 2264 0574 022081E1 		orr	r2, r1, r2
 2265 0578 002083E5 		str	r2, [r3, #0]
 2266 057c 080000EA 		b	.L53
 2267              	.L52:
 150:../gpio.c     **** 	else
 151:../gpio.c     **** 		// COMPLETAR: poner en rPDATG el bit indicado por pin a 0
 152:../gpio.c     **** 		rPDATG &= ~(0x1 << pin);
 2268              		.loc 1 152 0
 2269 0580 34309FE5 		ldr	r3, .L54+4
 2270 0584 30209FE5 		ldr	r2, .L54+4
 2271 0588 001092E5 		ldr	r1, [r2, #0]
 2272 058c 0100A0E3 		mov	r0, #1
 2273 0590 18201BE5 		ldr	r2, [fp, #-24]
 2274 0594 1022A0E1 		mov	r2, r0, asl r2
 2275 0598 0220E0E1 		mvn	r2, r2
 2276 059c 022001E0 		and	r2, r1, r2
 2277 05a0 002083E5 		str	r2, [r3, #0]
 2278              	.L53:
 153:../gpio.c     **** 
 154:../gpio.c     **** 	return 0;
 2279              		.loc 1 154 0
 2280 05a4 0030A0E3 		mov	r3, #0
 2281              	.L49:
 155:../gpio.c     **** }
 2282              		.loc 1 155 0
 2283 05a8 0300A0E1 		mov	r0, r3
 2284 05ac 0CD04BE2 		sub	sp, fp, #12
 2285 05b0 00689DE8 		ldmfd	sp, {fp, sp, lr}
 2286 05b4 1EFF2FE1 		bx	lr
 2287              	.L55:
 2288              		.align	2
 2289              	.L54:
 2290 05b8 4000D201 		.word	30539840
 2291 05bc 4400D201 		.word	30539844
 2292              		.cfi_endproc
 2293              	.LFE4:
 2295              		.align	2
 2296              		.global	portG_read
 2298              	portG_read:
 2299              	.LFB5:
 156:../gpio.c     **** 
 157:../gpio.c     **** int portG_read(int pin, enum digital* val)
 158:../gpio.c     **** {
 2300              		.loc 1 158 0
 2301              		.cfi_startproc
 2302              		@ Function supports interworking.
 2303              		@ args = 0, pretend = 0, frame = 16
 2304              		@ frame_needed = 1, uses_anonymous_args = 0
 2305 05c0 0DC0A0E1 		mov	ip, sp
 2306              	.LCFI10:
 2307              		.cfi_def_cfa_register 12
 2308 05c4 00D82DE9 		stmfd	sp!, {fp, ip, lr, pc}
 2309 05c8 04B04CE2 		sub	fp, ip, #4
 2310              		.cfi_offset 14, -8
 2311              		.cfi_offset 13, -12
 2312              		.cfi_offset 11, -16
 2313              	.LCFI11:
 2314              		.cfi_def_cfa 11, 4
 2315 05cc 10D04DE2 		sub	sp, sp, #16
 2316 05d0 18000BE5 		str	r0, [fp, #-24]
 2317 05d4 1C100BE5 		str	r1, [fp, #-28]
 159:../gpio.c     **** 	int pos = pin*2;
 2318              		.loc 1 159 0
 2319 05d8 18301BE5 		ldr	r3, [fp, #-24]
 2320 05dc 8330A0E1 		mov	r3, r3, asl #1
 2321 05e0 10300BE5 		str	r3, [fp, #-16]
 160:../gpio.c     **** 
 161:../gpio.c     **** 	if (pin < 0 || pin > 7)
 2322              		.loc 1 161 0
 2323 05e4 18301BE5 		ldr	r3, [fp, #-24]
 2324 05e8 000053E3 		cmp	r3, #0
 2325 05ec 020000BA 		blt	.L57
 2326              		.loc 1 161 0 is_stmt 0 discriminator 1
 2327 05f0 18301BE5 		ldr	r3, [fp, #-24]
 2328 05f4 070053E3 		cmp	r3, #7
 2329 05f8 010000DA 		ble	.L58
 2330              	.L57:
 162:../gpio.c     **** 		return -1; // indica error
 2331              		.loc 1 162 0 is_stmt 1
 2332 05fc 0030E0E3 		mvn	r3, #0
 2333 0600 190000EA 		b	.L59
 2334              	.L58:
 163:../gpio.c     **** 
 164:../gpio.c     **** 	if (rPCONG & (0x3 << pos))
 2335              		.loc 1 164 0
 2336 0604 70309FE5 		ldr	r3, .L63
 2337 0608 002093E5 		ldr	r2, [r3, #0]
 2338 060c 0310A0E3 		mov	r1, #3
 2339 0610 10301BE5 		ldr	r3, [fp, #-16]
 2340 0614 1133A0E1 		mov	r3, r1, asl r3
 2341 0618 033002E0 		and	r3, r2, r3
 2342 061c 000053E3 		cmp	r3, #0
 2343 0620 0100000A 		beq	.L60
 165:../gpio.c     **** 		return -1; // indica error
 2344              		.loc 1 165 0
 2345 0624 0030E0E3 		mvn	r3, #0
 2346 0628 0F0000EA 		b	.L59
 2347              	.L60:
 166:../gpio.c     **** 
 167:../gpio.c     **** 	if (rPDATG &(0x1 << pin)) //pin o pos
 2348              		.loc 1 167 0
 2349 062c 4C309FE5 		ldr	r3, .L63+4
 2350 0630 002093E5 		ldr	r2, [r3, #0]
 2351 0634 0110A0E3 		mov	r1, #1
 2352 0638 18301BE5 		ldr	r3, [fp, #-24]
 2353 063c 1133A0E1 		mov	r3, r1, asl r3
 2354 0640 033002E0 		and	r3, r2, r3
 2355 0644 000053E3 		cmp	r3, #0
 2356 0648 0300000A 		beq	.L61
 168:../gpio.c     **** 		*val = HIGH;
 2357              		.loc 1 168 0
 2358 064c 1C301BE5 		ldr	r3, [fp, #-28]
 2359 0650 0120A0E3 		mov	r2, #1
 2360 0654 0020C3E5 		strb	r2, [r3, #0]
 2361 0658 020000EA 		b	.L62
 2362              	.L61:
 169:../gpio.c     **** 	else
 170:../gpio.c     **** 		*val = LOW;
 2363              		.loc 1 170 0
 2364 065c 1C301BE5 		ldr	r3, [fp, #-28]
 2365 0660 0020A0E3 		mov	r2, #0
 2366 0664 0020C3E5 		strb	r2, [r3, #0]
 2367              	.L62:
 171:../gpio.c     **** 
 172:../gpio.c     **** 	return 0;
 2368              		.loc 1 172 0
 2369 0668 0030A0E3 		mov	r3, #0
 2370              	.L59:
 173:../gpio.c     **** }
 2371              		.loc 1 173 0
 2372 066c 0300A0E1 		mov	r0, r3
 2373 0670 0CD04BE2 		sub	sp, fp, #12
 2374 0674 00689DE8 		ldmfd	sp, {fp, sp, lr}
 2375 0678 1EFF2FE1 		bx	lr
 2376              	.L64:
 2377              		.align	2
 2378              	.L63:
 2379 067c 4000D201 		.word	30539840
 2380 0680 4400D201 		.word	30539844
 2381              		.cfi_endproc
 2382              	.LFE5:
 2384              		.align	2
 2385              		.global	portG_conf_pup
 2387              	portG_conf_pup:
 2388              	.LFB6:
 174:../gpio.c     **** 
 175:../gpio.c     **** int portG_conf_pup(int pin, enum enable st)
 176:../gpio.c     **** {
 2389              		.loc 1 176 0
 2390              		.cfi_startproc
 2391              		@ Function supports interworking.
 2392              		@ args = 0, pretend = 0, frame = 8
 2393              		@ frame_needed = 1, uses_anonymous_args = 0
 2394 0684 0DC0A0E1 		mov	ip, sp
 2395              	.LCFI12:
 2396              		.cfi_def_cfa_register 12
 2397 0688 00D82DE9 		stmfd	sp!, {fp, ip, lr, pc}
 2398 068c 04B04CE2 		sub	fp, ip, #4
 2399              		.cfi_offset 14, -8
 2400              		.cfi_offset 13, -12
 2401              		.cfi_offset 11, -16
 2402              	.LCFI13:
 2403              		.cfi_def_cfa 11, 4
 2404 0690 08D04DE2 		sub	sp, sp, #8
 2405 0694 10000BE5 		str	r0, [fp, #-16]
 2406 0698 0130A0E1 		mov	r3, r1
 2407 069c 11304BE5 		strb	r3, [fp, #-17]
 177:../gpio.c     **** 	if (pin < 0 || pin > 7)
 2408              		.loc 1 177 0
 2409 06a0 10301BE5 		ldr	r3, [fp, #-16]
 2410 06a4 000053E3 		cmp	r3, #0
 2411 06a8 020000BA 		blt	.L66
 2412              		.loc 1 177 0 is_stmt 0 discriminator 1
 2413 06ac 10301BE5 		ldr	r3, [fp, #-16]
 2414 06b0 070053E3 		cmp	r3, #7
 2415 06b4 010000DA 		ble	.L67
 2416              	.L66:
 178:../gpio.c     **** 		return -1; // indica error
 2417              		.loc 1 178 0 is_stmt 1
 2418 06b8 0030E0E3 		mvn	r3, #0
 2419 06bc 1D0000EA 		b	.L68
 2420              	.L67:
 179:../gpio.c     **** 
 180:../gpio.c     **** 	if (st != ENABLE && st != DISABLE)
 2421              		.loc 1 180 0
 2422 06c0 11305BE5 		ldrb	r3, [fp, #-17]	@ zero_extendqisi2
 2423 06c4 010053E3 		cmp	r3, #1
 2424 06c8 0400000A 		beq	.L69
 2425              		.loc 1 180 0 is_stmt 0 discriminator 1
 2426 06cc 11305BE5 		ldrb	r3, [fp, #-17]	@ zero_extendqisi2
 2427 06d0 000053E3 		cmp	r3, #0
 2428 06d4 0100000A 		beq	.L69
 181:../gpio.c     **** 		return -1; // indica error
 2429              		.loc 1 181 0 is_stmt 1
 2430 06d8 0030E0E3 		mvn	r3, #0
 2431 06dc 150000EA 		b	.L68
 2432              	.L69:
 182:../gpio.c     **** 
 183:../gpio.c     **** 	if (st == ENABLE)
 2433              		.loc 1 183 0
 2434 06e0 11305BE5 		ldrb	r3, [fp, #-17]	@ zero_extendqisi2
 2435 06e4 010053E3 		cmp	r3, #1
 2436 06e8 0900001A 		bne	.L70
 184:../gpio.c     **** 		// COMPLETAR: poner el pin de rPUPG indicado por el parametro pin al valor adecuado,
 185:../gpio.c     **** 		// para activar la resistencia de pull-up
 186:../gpio.c     **** 		rPUPG &= ~(0x1 << pin);
 2437              		.loc 1 186 0
 2438 06ec 54309FE5 		ldr	r3, .L72
 2439 06f0 50209FE5 		ldr	r2, .L72
 2440 06f4 001092E5 		ldr	r1, [r2, #0]
 2441 06f8 0100A0E3 		mov	r0, #1
 2442 06fc 10201BE5 		ldr	r2, [fp, #-16]
 2443 0700 1022A0E1 		mov	r2, r0, asl r2
 2444 0704 0220E0E1 		mvn	r2, r2
 2445 0708 022001E0 		and	r2, r1, r2
 2446 070c 002083E5 		str	r2, [r3, #0]
 2447 0710 070000EA 		b	.L71
 2448              	.L70:
 187:../gpio.c     **** 	else
 188:../gpio.c     **** 		// COMPLETAR: poner el pin de rPUPG indicado por el parametro pin al valor adecuado,
 189:../gpio.c     **** 		// para desactivar la resistencia de pull-up
 190:../gpio.c     **** 		rPUPG |= (0x1 << pin);
 2449              		.loc 1 190 0
 2450 0714 2C309FE5 		ldr	r3, .L72
 2451 0718 28209FE5 		ldr	r2, .L72
 2452 071c 001092E5 		ldr	r1, [r2, #0]
 2453 0720 0100A0E3 		mov	r0, #1
 2454 0724 10201BE5 		ldr	r2, [fp, #-16]
 2455 0728 1022A0E1 		mov	r2, r0, asl r2
 2456 072c 022081E1 		orr	r2, r1, r2
 2457 0730 002083E5 		str	r2, [r3, #0]
 2458              	.L71:
 191:../gpio.c     **** 
 192:../gpio.c     **** 	return 0;
 2459              		.loc 1 192 0
 2460 0734 0030A0E3 		mov	r3, #0
 2461              	.L68:
 193:../gpio.c     **** }
 2462              		.loc 1 193 0
 2463 0738 0300A0E1 		mov	r0, r3
 2464 073c 0CD04BE2 		sub	sp, fp, #12
 2465 0740 00689DE8 		ldmfd	sp, {fp, sp, lr}
 2466 0744 1EFF2FE1 		bx	lr
 2467              	.L73:
 2468              		.align	2
 2469              	.L72:
 2470 0748 4800D201 		.word	30539848
 2471              		.cfi_endproc
 2472              	.LFE6:
 2474              	.Letext0:
DEFINED SYMBOLS
                            *ABS*:00000000 gpio.c
C:\Users\USUARI~2\AppData\Local\Temp\ccl95Bvb.s:1698   .text:00000000 $a
C:\Users\USUARI~2\AppData\Local\Temp\ccl95Bvb.s:1701   .text:00000000 portB_conf
C:\Users\USUARI~2\AppData\Local\Temp\ccl95Bvb.s:1784   .text:000000c4 $d
C:\Users\USUARI~2\AppData\Local\Temp\ccl95Bvb.s:1788   .text:000000c8 $a
C:\Users\USUARI~2\AppData\Local\Temp\ccl95Bvb.s:1791   .text:000000c8 portB_write
C:\Users\USUARI~2\AppData\Local\Temp\ccl95Bvb.s:1870   .text:00000180 $d
C:\Users\USUARI~2\AppData\Local\Temp\ccl95Bvb.s:1874   .text:00000184 $a
C:\Users\USUARI~2\AppData\Local\Temp\ccl95Bvb.s:1877   .text:00000184 portG_conf
C:\Users\USUARI~2\AppData\Local\Temp\ccl95Bvb.s:1921   .text:000001dc $d
C:\Users\USUARI~2\AppData\Local\Temp\ccl95Bvb.s:1927   .text:000001ec $a
C:\Users\USUARI~2\AppData\Local\Temp\ccl95Bvb.s:2011   .text:000002e8 $d
C:\Users\USUARI~2\AppData\Local\Temp\ccl95Bvb.s:2015   .text:000002ec $a
C:\Users\USUARI~2\AppData\Local\Temp\ccl95Bvb.s:2018   .text:000002ec portG_eint_trig
C:\Users\USUARI~2\AppData\Local\Temp\ccl95Bvb.s:2062   .text:00000344 $d
C:\Users\USUARI~2\AppData\Local\Temp\ccl95Bvb.s:2069   .text:00000358 $a
C:\Users\USUARI~2\AppData\Local\Temp\ccl95Bvb.s:2184   .text:000004bc $d
C:\Users\USUARI~2\AppData\Local\Temp\ccl95Bvb.s:2188   .text:000004c0 $a
C:\Users\USUARI~2\AppData\Local\Temp\ccl95Bvb.s:2191   .text:000004c0 portG_write
C:\Users\USUARI~2\AppData\Local\Temp\ccl95Bvb.s:2290   .text:000005b8 $d
C:\Users\USUARI~2\AppData\Local\Temp\ccl95Bvb.s:2295   .text:000005c0 $a
C:\Users\USUARI~2\AppData\Local\Temp\ccl95Bvb.s:2298   .text:000005c0 portG_read
C:\Users\USUARI~2\AppData\Local\Temp\ccl95Bvb.s:2379   .text:0000067c $d
C:\Users\USUARI~2\AppData\Local\Temp\ccl95Bvb.s:2384   .text:00000684 $a
C:\Users\USUARI~2\AppData\Local\Temp\ccl95Bvb.s:2387   .text:00000684 portG_conf_pup
C:\Users\USUARI~2\AppData\Local\Temp\ccl95Bvb.s:2470   .text:00000748 $d
                     .debug_frame:00000010 $d

NO UNDEFINED SYMBOLS
